<?xml version="1.0" encoding="UTF-8"?>
<testsuite xmlns:xsi="http://www.w3.org/2001/XMLSchema-instance" xsi:noNamespaceSchemaLocation="https://maven.apache.org/surefire/maven-surefire-plugin/xsd/surefire-test-report-3.0.xsd" version="3.0" name="com.checkindo.todolist.TodolistApplicationTests" time="1.482" tests="1" errors="0" skipped="0" failures="0">
  <properties>
[...]
</properties>
  <testcase name="contextLoads" classname="com.checkindo.todolist.TodolistApplicationTests" time="0.391">
    <system-out><![CDATA[18:36:28.854 [main] INFO org.springframework.test.context.support.AnnotationConfigContextLoaderUtils -- Could not detect default configuration classes for test class [com.checkindo.todolist.TodolistApplicationTests]: TodolistApplicationTests does not declare any static, non-private, non-final, nested classes annotated with @Configuration.
18:36:28.904 [main] INFO org.springframework.boot.test.context.SpringBootTestContextBootstrapper -- Found @SpringBootConfiguration com.checkindo.todolist.TodoListApplication for test class com.checkindo.todolist.TodolistApplicationTests
18:36:28.974 [main] INFO org.springframework.boot.devtools.restart.RestartApplicationListener -- Restart disabled due to context in which it is running

  .   ____          _            __ _ _
 /\\ / ___'_ __ _ _(_)_ __  __ _ \ \ \ \
( ( )\___ | '_ | '_| | '_ \/ _` | \ \ \ \
 \\/  ___)| |_)| | | | | || (_| |  ) ) ) )
  '  |____| .__|_| |_|_| |_\__, | / / / /
 =========|_|==============|___/=/_/_/_/
 :: Spring Boot ::                (v3.2.4)

2024-04-12T18:36:29.077-03:00  INFO 31637 --- [todolist] [           main] c.c.todolist.TodolistApplicationTests    : Starting TodolistApplicationTests using Java 17.0.6 with PID 31637 (started by 4025575 in /Users/4025575/IdeaProjects/checkindo-ms-spring-todolist-crud)
2024-04-12T18:36:29.077-03:00  INFO 31637 --- [todolist] [           main] c.c.todolist.TodolistApplicationTests    : No active profile set, falling back to 1 default profile: "default"
2024-04-12T18:36:29.791-03:00  INFO 31637 --- [todolist] [           main] org.quartz.impl.StdSchedulerFactory      : Using default implementation for ThreadExecutor
2024-04-12T18:36:29.796-03:00  INFO 31637 --- [todolist] [           main] org.quartz.core.SchedulerSignalerImpl    : Initialized Scheduler Signaller of type: class org.quartz.core.SchedulerSignalerImpl
2024-04-12T18:36:29.796-03:00  INFO 31637 --- [todolist] [           main] org.quartz.core.QuartzScheduler          : Quartz Scheduler v.2.3.2 created.
2024-04-12T18:36:29.796-03:00  INFO 31637 --- [todolist] [           main] org.quartz.simpl.RAMJobStore             : RAMJobStore initialized.
2024-04-12T18:36:29.796-03:00  INFO 31637 --- [todolist] [           main] org.quartz.core.QuartzScheduler          : Scheduler meta-data: Quartz Scheduler (v2.3.2) 'quartzScheduler' with instanceId 'NON_CLUSTERED'
  Scheduler class: 'org.quartz.core.QuartzScheduler' - running locally.
  NOT STARTED.
  Currently in standby mode.
  Number of jobs executed: 0
  Using thread pool 'org.quartz.simpl.SimpleThreadPool' - with 10 threads.
  Using job-store 'org.quartz.simpl.RAMJobStore' - which does not support persistence. and is not clustered.

2024-04-12T18:36:29.797-03:00  INFO 31637 --- [todolist] [           main] org.quartz.impl.StdSchedulerFactory      : Quartz scheduler 'quartzScheduler' initialized from an externally provided properties instance.
2024-04-12T18:36:29.797-03:00  INFO 31637 --- [todolist] [           main] org.quartz.impl.StdSchedulerFactory      : Quartz scheduler version: 2.3.2
2024-04-12T18:36:29.797-03:00  INFO 31637 --- [todolist] [           main] org.quartz.core.QuartzScheduler          : JobFactory set to: org.springframework.scheduling.quartz.SpringBeanJobFactory@12fcb2c3
2024-04-12T18:36:29.835-03:00  INFO 31637 --- [todolist] [           main] o.s.b.a.e.web.EndpointLinksResolver      : Exposing 1 endpoint(s) beneath base path '/actuator'
2024-04-12T18:36:29.859-03:00  INFO 31637 --- [todolist] [           main] o.s.s.quartz.SchedulerFactoryBean        : Starting Quartz Scheduler now
2024-04-12T18:36:29.859-03:00  INFO 31637 --- [todolist] [           main] org.quartz.core.QuartzScheduler          : Scheduler quartzScheduler_$_NON_CLUSTERED started.
2024-04-12T18:36:29.872-03:00  INFO 31637 --- [todolist] [           main] c.c.todolist.TodolistApplicationTests    : Started TodolistApplicationTests in 0.905 seconds (process running for 1.319)
]]></system-out>
  </testcase>
</testsuite>